<?xml version="1.0" encoding="utf-8"?><testsuites><testsuite name="pytest" errors="0" failures="0" skipped="0" tests="11" time="0.560" timestamp="2024-11-03T11:55:38.014775-05:00" hostname="DESKTOP-69FJA4Q"><testcase classname="test_api" name="test_getBooks_noApiAccessToken_shouldReturn403" time="0.020" /><testcase classname="test_api" name="test_getBooks_withApiAccessToken_shouldReturn200" time="0.030" /><testcase classname="test_api" name="test_getBooks_searchByValidId" time="0.025" /><testcase classname="test_api" name="test_getBooks_searchByInvalidId" time="0.032" /><testcase classname="test_api" name="test_getBooks_searchByValidTitle" time="0.029" /><testcase classname="test_api" name="test_getBooks_searchByInvalidTitle" time="0.031" /><testcase classname="test_api" name="test_getBooks_searchByValidAuthor" time="0.030" /><testcase classname="test_api" name="test_getBooks_searchByInvalidAuthor" time="0.030" /><testcase classname="test_api" name="test_postBooks_addBook" time="0.077" /><testcase classname="test_api" name="test_deleteBooks_deleteBookWithValidBasicAuth" time="0.126" /><testcase classname="test_api" name="test_deleteBooks_deleteBookWithoutBasicAuth" time="0.096" /></testsuite></testsuites>